2022-11-11 16:56:41.869 | INFO     | datasets:__init__:32 - read, processind and cread folds...
2022-11-11 16:56:41.936 | INFO     | datasets:__process_data:104 - Class structure: Counter({'low': 185, 'high': 159})
2022-11-11 16:59:38.718 | INFO     | datasets:__init__:32 - read, processind and cread folds...
2022-11-11 16:59:38.787 | INFO     | datasets:__process_data:104 - Class structure: Counter({'low': 185, 'high': 159})
2022-11-11 16:59:38.885 | INFO     | datasets:__process_data:160 - train: (286,), test: (58,)
2022-11-11 16:59:38.885 | INFO     | datasets:__process_data:161 - ------------------------------
2022-11-11 16:59:39.146 | INFO     | datasets:__init__:49 - Done, processing in 0:00:00.
2022-11-11 17:00:04.914 | INFO     | __main__:run_experiment:80 - Fold 1 acc: 0.72 f1: 0.72
2022-11-11 17:00:17.246 | INFO     | __main__:run_experiment:80 - Fold 2 acc: 0.70 f1: 0.70
2022-11-11 17:00:37.904 | INFO     | __main__:run_experiment:80 - Fold 3 acc: 0.66 f1: 0.66
2022-11-11 17:00:50.820 | INFO     | __main__:run_experiment:80 - Fold 4 acc: 0.75 f1: 0.73
2022-11-11 17:01:22.322 | INFO     | __main__:run_experiment:80 - Fold 5 acc: 0.59 f1: 0.56
2022-11-11 17:01:46.834 | INFO     | __main__:run_experiment:80 - Fold 6 acc: 0.66 f1: 0.64
2022-11-11 17:01:46.835 | INFO     | __main__:run_experiment:82 - ------------------------------
2022-11-11 17:01:46.835 | INFO     | __main__:run_experiment:83 - Summary: mean acc: 0.68 f1: 0.67
2023-01-16 17:09:20.626 | INFO     | datasets:__init__:32 - read, processind and cread folds...
2023-01-16 17:09:20.693 | INFO     | datasets:__process_data:105 - Class structure: Counter({'low': 185, 'high': 159})
2023-01-16 17:11:15.438 | INFO     | datasets:__init__:32 - read, processind and cread folds...
2023-01-16 17:11:15.506 | INFO     | datasets:__process_data:105 - Class structure: Counter({'low': 185, 'high': 159})
2023-01-16 17:11:15.604 | INFO     | datasets:__process_data:161 - train: (286,), test: (58,)
2023-01-16 17:11:15.604 | INFO     | datasets:__process_data:162 - ------------------------------
2023-01-16 17:11:15.864 | INFO     | datasets:__init__:50 - Done, processing in 0:00:00.
2023-01-16 17:11:41.965 | INFO     | __main__:run_experiment:92 - Fold 1 acc: 0.72 f1: 0.72
2023-01-16 17:12:05.204 | INFO     | __main__:run_experiment:92 - Fold 2 acc: 0.70 f1: 0.70
2023-01-16 17:12:23.173 | INFO     | __main__:run_experiment:92 - Fold 3 acc: 0.66 f1: 0.66
2023-01-16 17:12:54.224 | INFO     | __main__:run_experiment:92 - Fold 4 acc: 0.70 f1: 0.70
2023-01-16 17:13:17.971 | INFO     | __main__:run_experiment:92 - Fold 5 acc: 0.64 f1: 0.61
2023-01-16 17:13:48.574 | INFO     | __main__:run_experiment:92 - Fold 6 acc: 0.61 f1: 0.60
2023-01-16 17:13:48.574 | INFO     | __main__:run_experiment:94 - ------------------------------
2023-01-16 17:13:48.575 | INFO     | __main__:run_experiment:95 - Summary: mean acc: 0.67 f1: 0.67
2023-01-17 23:07:19.658 | INFO     | datasets:__init__:32 - read, processind and cread folds...
2023-01-17 23:07:19.725 | INFO     | datasets:__process_data:105 - Class structure: Counter({'low': 185, 'high': 159})
2023-01-17 23:07:19.823 | INFO     | datasets:__process_data:161 - train: (286,), test: (58,)
2023-01-17 23:07:19.823 | INFO     | datasets:__process_data:162 - ------------------------------
2023-01-17 23:07:20.095 | INFO     | datasets:__init__:50 - Done, processing in 0:00:00.
2023-01-17 23:07:46.368 | INFO     | __main__:run_experiment:90 - Fold 1 acc: 0.74 f1: 0.74
2023-01-17 23:08:05.361 | INFO     | __main__:run_experiment:90 - Fold 2 acc: 0.65 f1: 0.65
2023-01-17 23:08:27.100 | INFO     | __main__:run_experiment:90 - Fold 3 acc: 0.66 f1: 0.66
2023-01-17 23:08:45.393 | INFO     | __main__:run_experiment:90 - Fold 4 acc: 0.68 f1: 0.68
2023-01-17 23:09:03.552 | INFO     | __main__:run_experiment:90 - Fold 5 acc: 0.61 f1: 0.59
2023-01-17 23:09:30.385 | INFO     | __main__:run_experiment:90 - Fold 6 acc: 0.66 f1: 0.64
2023-01-17 23:09:30.385 | INFO     | __main__:run_experiment:92 - ------------------------------
2023-01-17 23:09:30.385 | INFO     | __main__:run_experiment:93 - Summary: mean acc: 0.67 f1: 0.66
2023-01-17 23:19:52.902 | INFO     | datasets:__init__:32 - read, processind and cread folds...
2023-01-17 23:19:52.970 | INFO     | datasets:__process_data:105 - Class structure: Counter({'low': 185, 'high': 159})
2023-01-17 23:19:53.069 | INFO     | datasets:__process_data:161 - train: (286,), test: (58,)
2023-01-17 23:19:53.069 | INFO     | datasets:__process_data:162 - ------------------------------
2023-01-17 23:19:53.334 | INFO     | datasets:__init__:50 - Done, processing in 0:00:00.
2023-01-17 23:20:19.402 | INFO     | __main__:run_experiment:90 - Fold 1 acc: 0.70 f1: 0.70
2023-01-17 23:20:45.778 | INFO     | __main__:run_experiment:90 - Fold 2 acc: 0.70 f1: 0.70
2023-01-17 23:21:06.352 | INFO     | __main__:run_experiment:90 - Fold 3 acc: 0.68 f1: 0.68
2023-01-17 23:21:25.719 | INFO     | __main__:run_experiment:90 - Fold 4 acc: 0.64 f1: 0.64
2023-01-17 23:21:49.353 | INFO     | __main__:run_experiment:90 - Fold 5 acc: 0.61 f1: 0.59
2023-01-17 23:22:16.963 | INFO     | __main__:run_experiment:90 - Fold 6 acc: 0.64 f1: 0.62
2023-01-17 23:22:16.963 | INFO     | __main__:run_experiment:92 - ------------------------------
2023-01-17 23:22:16.964 | INFO     | __main__:run_experiment:93 - Summary: mean acc: 0.66 f1: 0.66
2023-01-17 23:23:37.428 | INFO     | datasets:__init__:32 - read, processind and cread folds...
2023-01-17 23:23:37.497 | INFO     | datasets:__process_data:105 - Class structure: Counter({'low': 185, 'high': 159})
2023-01-17 23:23:37.593 | INFO     | datasets:__process_data:161 - train: (286,), test: (58,)
2023-01-17 23:23:37.594 | INFO     | datasets:__process_data:162 - ------------------------------
2023-01-17 23:23:37.858 | INFO     | datasets:__init__:50 - Done, processing in 0:00:00.
2023-01-17 23:23:57.499 | INFO     | __main__:run_experiment:90 - Fold 1 acc: 0.72 f1: 0.72
2023-01-17 23:24:22.791 | INFO     | __main__:run_experiment:90 - Fold 2 acc: 0.74 f1: 0.74
2023-01-17 23:24:40.801 | INFO     | __main__:run_experiment:90 - Fold 3 acc: 0.64 f1: 0.64
2023-01-17 23:25:06.037 | INFO     | __main__:run_experiment:90 - Fold 4 acc: 0.70 f1: 0.70
2023-01-17 23:25:32.702 | INFO     | __main__:run_experiment:90 - Fold 5 acc: 0.59 f1: 0.56
2023-01-17 23:25:56.871 | INFO     | __main__:run_experiment:90 - Fold 6 acc: 0.59 f1: 0.58
2023-01-17 23:25:56.871 | INFO     | __main__:run_experiment:92 - ------------------------------
2023-01-17 23:25:56.871 | INFO     | __main__:run_experiment:93 - Summary: mean acc: 0.66 f1: 0.66
2023-01-17 23:28:04.984 | INFO     | datasets:__init__:32 - read, processind and cread folds...
2023-01-17 23:28:05.052 | INFO     | datasets:__process_data:105 - Class structure: Counter({'low': 185, 'high': 159})
2023-01-17 23:28:05.149 | INFO     | datasets:__process_data:161 - train: (286,), test: (58,)
2023-01-17 23:28:05.149 | INFO     | datasets:__process_data:162 - ------------------------------
2023-01-17 23:28:05.415 | INFO     | datasets:__init__:50 - Done, processing in 0:00:00.
2023-01-17 23:28:25.043 | INFO     | __main__:run_experiment:90 - Fold 1 acc: 0.74 f1: 0.74
2023-01-17 23:28:46.583 | INFO     | __main__:run_experiment:90 - Fold 2 acc: 0.70 f1: 0.70
2023-01-17 23:29:03.836 | INFO     | __main__:run_experiment:90 - Fold 3 acc: 0.73 f1: 0.71
2023-01-17 23:29:27.884 | INFO     | __main__:run_experiment:90 - Fold 4 acc: 0.70 f1: 0.70
2023-01-17 23:29:50.170 | INFO     | __main__:run_experiment:90 - Fold 5 acc: 0.61 f1: 0.59
2023-01-17 23:30:15.348 | INFO     | __main__:run_experiment:90 - Fold 6 acc: 0.66 f1: 0.64
2023-01-17 23:30:15.349 | INFO     | __main__:run_experiment:92 - ------------------------------
2023-01-17 23:30:15.349 | INFO     | __main__:run_experiment:93 - Summary: mean acc: 0.69 f1: 0.68
