2022-11-11 14:34:30.759 | INFO     | datasets:__init__:32 - read, processind and cread folds...
2022-11-11 14:34:30.877 | INFO     | datasets:__process_data:104 - Class structure: Counter({'Mild_Moderate': 416, 'Severe': 210})
2022-11-11 14:34:31.036 | INFO     | datasets:__process_data:160 - train: (521,), test: (105,)
2022-11-11 14:34:31.036 | INFO     | datasets:__process_data:161 - ------------------------------
2022-11-11 14:34:31.292 | INFO     | datasets:__init__:49 - Done, processing in 0:00:00.
2022-11-11 14:35:24.269 | INFO     | __main__:run_experiment:80 - Fold 1 acc: 0.66 f1: 0.50
2022-11-11 14:35:55.545 | INFO     | __main__:run_experiment:80 - Fold 2 acc: 0.70 f1: 0.41
2022-11-11 14:36:22.146 | INFO     | __main__:run_experiment:80 - Fold 3 acc: 0.72 f1: 0.42
2022-11-11 14:37:05.515 | INFO     | __main__:run_experiment:80 - Fold 4 acc: 0.70 f1: 0.41
2022-11-11 14:37:26.418 | INFO     | __main__:run_experiment:80 - Fold 5 acc: 0.66 f1: 0.40
2022-11-11 14:38:20.374 | INFO     | __main__:run_experiment:80 - Fold 6 acc: 0.75 f1: 0.47
2022-11-11 14:38:20.374 | INFO     | __main__:run_experiment:82 - ------------------------------
2022-11-11 14:38:20.374 | INFO     | __main__:run_experiment:83 - Summary: mean acc: 0.70 f1: 0.43
2023-01-16 14:25:06.799 | INFO     | datasets:__init__:32 - read, processind and cread folds...
2023-01-16 14:25:06.917 | INFO     | datasets:__process_data:105 - Class structure: Counter({'Mild_Moderate': 416, 'Severe': 210})
2023-01-16 14:25:07.076 | INFO     | datasets:__process_data:161 - train: (521,), test: (105,)
2023-01-16 14:25:07.076 | INFO     | datasets:__process_data:162 - ------------------------------
2023-01-16 14:25:07.334 | INFO     | datasets:__init__:50 - Done, processing in 0:00:00.
2023-01-16 14:25:45.846 | INFO     | __main__:run_experiment:92 - Fold 1 acc: 0.66 f1: 0.40
2023-01-16 14:26:33.731 | INFO     | __main__:run_experiment:92 - Fold 2 acc: 0.70 f1: 0.41
2023-01-16 14:26:54.950 | INFO     | __main__:run_experiment:92 - Fold 3 acc: 0.72 f1: 0.42
2023-01-16 14:27:32.822 | INFO     | __main__:run_experiment:92 - Fold 4 acc: 0.70 f1: 0.41
2023-01-16 14:28:03.348 | INFO     | __main__:run_experiment:92 - Fold 5 acc: 0.71 f1: 0.58
2023-01-16 14:28:42.725 | INFO     | __main__:run_experiment:92 - Fold 6 acc: 0.73 f1: 0.42
2023-01-16 14:28:42.725 | INFO     | __main__:run_experiment:94 - ------------------------------
2023-01-16 14:28:42.725 | INFO     | __main__:run_experiment:95 - Summary: mean acc: 0.70 f1: 0.44
2023-01-18 11:46:21.060 | INFO     | datasets:__init__:32 - read, processind and cread folds...
2023-01-18 11:46:21.179 | INFO     | datasets:__process_data:105 - Class structure: Counter({'Mild_Moderate': 416, 'Severe': 210})
2023-01-18 11:46:21.337 | INFO     | datasets:__process_data:161 - train: (521,), test: (105,)
2023-01-18 11:46:21.338 | INFO     | datasets:__process_data:162 - ------------------------------
2023-01-18 11:46:21.599 | INFO     | datasets:__init__:50 - Done, processing in 0:00:00.
2023-01-18 11:47:08.471 | INFO     | __main__:run_experiment:90 - Fold 1 acc: 0.66 f1: 0.40
2023-01-18 11:47:59.920 | INFO     | __main__:run_experiment:90 - Fold 2 acc: 0.67 f1: 0.40
2023-01-18 11:48:39.538 | INFO     | __main__:run_experiment:90 - Fold 3 acc: 0.72 f1: 0.42
2023-01-18 11:49:12.310 | INFO     | __main__:run_experiment:90 - Fold 4 acc: 0.73 f1: 0.60
2023-01-18 11:49:45.871 | INFO     | __main__:run_experiment:90 - Fold 5 acc: 0.65 f1: 0.39
2023-01-18 11:50:08.341 | INFO     | __main__:run_experiment:90 - Fold 6 acc: 0.73 f1: 0.42
2023-01-18 11:50:08.341 | INFO     | __main__:run_experiment:92 - ------------------------------
2023-01-18 11:50:08.341 | INFO     | __main__:run_experiment:93 - Summary: mean acc: 0.69 f1: 0.44
2023-01-18 11:52:23.725 | INFO     | datasets:__init__:32 - read, processind and cread folds...
2023-01-18 11:52:23.843 | INFO     | datasets:__process_data:105 - Class structure: Counter({'Mild_Moderate': 416, 'Severe': 210})
2023-01-18 11:52:24.001 | INFO     | datasets:__process_data:161 - train: (521,), test: (105,)
2023-01-18 11:52:24.001 | INFO     | datasets:__process_data:162 - ------------------------------
2023-01-18 11:52:24.263 | INFO     | datasets:__init__:50 - Done, processing in 0:00:00.
2023-01-18 11:52:51.646 | INFO     | __main__:run_experiment:90 - Fold 1 acc: 0.66 f1: 0.40
2023-01-18 11:53:26.633 | INFO     | __main__:run_experiment:90 - Fold 2 acc: 0.70 f1: 0.41
2023-01-18 11:53:56.418 | INFO     | __main__:run_experiment:90 - Fold 3 acc: 0.72 f1: 0.42
2023-01-18 11:54:19.192 | INFO     | __main__:run_experiment:90 - Fold 4 acc: 0.70 f1: 0.41
2023-01-18 11:54:59.655 | INFO     | __main__:run_experiment:90 - Fold 5 acc: 0.66 f1: 0.40
2023-01-18 11:55:31.687 | INFO     | __main__:run_experiment:90 - Fold 6 acc: 0.73 f1: 0.42
2023-01-18 11:55:31.687 | INFO     | __main__:run_experiment:92 - ------------------------------
2023-01-18 11:55:31.688 | INFO     | __main__:run_experiment:93 - Summary: mean acc: 0.69 f1: 0.41
2023-01-18 12:00:17.085 | INFO     | datasets:__init__:32 - read, processind and cread folds...
2023-01-18 12:00:17.202 | INFO     | datasets:__process_data:105 - Class structure: Counter({'Mild_Moderate': 416, 'Severe': 210})
2023-01-18 12:00:17.361 | INFO     | datasets:__process_data:161 - train: (521,), test: (105,)
2023-01-18 12:00:17.361 | INFO     | datasets:__process_data:162 - ------------------------------
2023-01-18 12:00:17.622 | INFO     | datasets:__init__:50 - Done, processing in 0:00:00.
2023-01-18 12:00:57.047 | INFO     | __main__:run_experiment:90 - Fold 1 acc: 0.66 f1: 0.40
2023-01-18 12:01:32.799 | INFO     | __main__:run_experiment:90 - Fold 2 acc: 0.70 f1: 0.41
2023-01-18 12:01:58.671 | INFO     | __main__:run_experiment:90 - Fold 3 acc: 0.72 f1: 0.42
2023-01-18 12:02:27.885 | INFO     | __main__:run_experiment:90 - Fold 4 acc: 0.70 f1: 0.41
2023-01-18 12:02:46.985 | INFO     | __main__:run_experiment:90 - Fold 5 acc: 0.66 f1: 0.40
2023-01-18 12:03:14.894 | INFO     | __main__:run_experiment:90 - Fold 6 acc: 0.73 f1: 0.42
2023-01-18 12:03:14.895 | INFO     | __main__:run_experiment:92 - ------------------------------
2023-01-18 12:03:14.895 | INFO     | __main__:run_experiment:93 - Summary: mean acc: 0.69 f1: 0.41
2023-01-18 12:12:40.318 | INFO     | datasets:__init__:32 - read, processind and cread folds...
2023-01-18 12:12:40.437 | INFO     | datasets:__process_data:105 - Class structure: Counter({'Mild_Moderate': 416, 'Severe': 210})
2023-01-18 12:12:40.595 | INFO     | datasets:__process_data:161 - train: (521,), test: (105,)
2023-01-18 12:12:40.596 | INFO     | datasets:__process_data:162 - ------------------------------
2023-01-18 12:12:40.855 | INFO     | datasets:__init__:50 - Done, processing in 0:00:00.
2023-01-18 12:13:08.467 | INFO     | __main__:run_experiment:90 - Fold 1 acc: 0.66 f1: 0.40
2023-01-18 12:14:01.191 | INFO     | __main__:run_experiment:90 - Fold 2 acc: 0.70 f1: 0.41
2023-01-18 12:14:36.314 | INFO     | __main__:run_experiment:90 - Fold 3 acc: 0.72 f1: 0.42
2023-01-18 12:15:31.812 | INFO     | __main__:run_experiment:90 - Fold 4 acc: 0.71 f1: 0.45
2023-01-18 12:15:51.183 | INFO     | __main__:run_experiment:90 - Fold 5 acc: 0.66 f1: 0.40
2023-01-18 12:16:23.380 | INFO     | __main__:run_experiment:90 - Fold 6 acc: 0.75 f1: 0.47
2023-01-18 12:16:23.380 | INFO     | __main__:run_experiment:92 - ------------------------------
2023-01-18 12:16:23.380 | INFO     | __main__:run_experiment:93 - Summary: mean acc: 0.70 f1: 0.42
